<?xml version="1.0" encoding="UTF-8"?>
<!-- Generated by org.testng.reporters.JUnitReportReporter -->
<testsuite hostname="sathviks-mbp.dhcp.wustl.edu" failures="0" tests="3" name="com.github.lindenb.jvarkit.tools.misc.VcfMultiToOneAlleleTest" time="0.590" errors="0" timestamp="26 Mar 2020 03:14:23 GMT" skipped="0">
  <testcase classname="com.github.lindenb.jvarkit.tools.misc.VcfMultiToOneAlleleTest" name="testNoMultiple" time="0.559"/>
  <testcase classname="com.github.lindenb.jvarkit.tools.misc.VcfMultiToOneAlleleTest" name="testSimple" time="0.016"/>
  <testcase classname="com.github.lindenb.jvarkit.tools.misc.VcfMultiToOneAlleleTest" name="testNoSampleNoMultiple" time="0.015"/>
</testsuite> <!-- com.github.lindenb.jvarkit.tools.misc.VcfMultiToOneAlleleTest -->
